<?xml version="1.0" encoding="UTF-8"?>
<!-- Generated by org.testng.reporters.JUnitXMLReporter -->
<testsuite ignored="0" hostname="LAPTOP-04AKG4B2" failures="1" tests="3" name="error Validation" time="49.414" errors="0" timestamp="2024-03-26T11:39:28 IST">
  <testcase classname="alasana.tests.errorValidationTest" name="loginErrorValidation" time="22.177">
    <skipped/>
  </testcase> <!-- loginErrorValidation -->
  <testcase classname="alasana.tests.errorValidationTest" name="loginErrorValidation" time="1.1">
    <failure type="java.lang.AssertionError" message="expected [Incorrect email or password.] but found [Incorrect email password.]">
      <![CDATA[java.lang.AssertionError: expected [Incorrect email or password.] but found [Incorrect email password.]
at alasana.tests.errorValidationTest.loginErrorValidation(errorValidationTest.java:22)
at java.base/java.util.ArrayList.forEach(ArrayList.java:1511)
... Removed 33 stack frames]]>
    </failure>
  </testcase> <!-- loginErrorValidation -->
  <testcase classname="alasana.tests.errorValidationTest" name="productErrorValidation" time="3.93"/>
</testsuite> <!-- error Validation -->
